--- file /var/www/html/health_docs/application/models/Data_model.php | function get_form_data ln 121 ---
stdClass Object
(
    [department_id] => 1
    [name] => Opšta praksa
    [location] => Temerin
    [title] => Zdravstvena stanica
)
--- file /var/www/html/health_docs/application/models/Data_model.php | function get_form_data ln 121 ---
stdClass Object
(
    [id] => 1
    [status_id] => 0
    [label] => Neaktivan
)
--- file /var/www/html/health_docs/application/helpers/form_html_helper.php | function generateForm ln 173 ---
 data for process
Array
(
    [form] => stdClass Object
        (
            [id] => 2
            [form_name] => users
            [form_id] => frmUser
            [form_class] => frmUser
            [form_method] => POST
            [form_action] => http://192.168.100.2/health_docs/users/update
            [time_created] => 2023-05-19 14:14:20
            [time_changed] => 
            [status] => 1
        )

    [fields] => Array
        (
            [0] => stdClass Object
                (
                    [id] => 12
                    [form_id] => 2
                    [field_name] => user_uid
                    [field_id] => user_uid
                    [field_class] => user_uid form-control form-control-sm
                    [field_type] => hidden
                    [field_required] => 
                    [field_icon] => 
                    [field_label] => 
                    [position] => 0
                    [invalid_feedback] => 
                    [params] => 
                    [time_created] => 2023-05-19 14:23:47
                    [time_changed] => 
                    [status] => 1
                )

            [1] => stdClass Object
                (
                    [id] => 13
                    [form_id] => 2
                    [field_name] => user_id
                    [field_id] => user_id
                    [field_class] => user_id form-control form-control-sm
                    [field_type] => hidden
                    [field_required] => 
                    [field_icon] => 
                    [field_label] => 
                    [position] => 0
                    [invalid_feedback] => 
                    [params] => 
                    [time_created] => 2023-05-19 14:23:47
                    [time_changed] => 
                    [status] => 1
                )

            [2] => stdClass Object
                (
                    [id] => 14
                    [form_id] => 2
                    [field_name] => user_username
                    [field_id] => user_username
                    [field_class] => user_username form-control form-control-sm
                    [field_type] => text
                    [field_required] => required
                    [field_icon] => 
                    [field_label] => Unesite korisnicko ime
                    [position] => 1
                    [invalid_feedback] => Unesite korisnicko ime
                    [params] => 
                    [time_created] => 2023-05-19 14:23:47
                    [time_changed] => 
                    [status] => 1
                )

            [3] => stdClass Object
                (
                    [id] => 15
                    [form_id] => 2
                    [field_name] => user_password
                    [field_id] => user_password
                    [field_class] => user_password form-control form-control-sm
                    [field_type] => password
                    [field_required] => required
                    [field_icon] => 
                    [field_label] => Unesite lozniku
                    [position] => 2
                    [invalid_feedback] => Unesite lozinku
                    [params] => 
                    [time_created] => 2023-05-19 14:23:47
                    [time_changed] => 
                    [status] => 1
                )

            [4] => stdClass Object
                (
                    [id] => 16
                    [form_id] => 2
                    [field_name] => firstname
                    [field_id] => firstname
                    [field_class] => firstname form-control form-control-sm
                    [field_type] => text
                    [field_required] => required
                    [field_icon] => 
                    [field_label] => Unesite ime
                    [position] => 3
                    [invalid_feedback] => Unesite ime
                    [params] => 
                    [time_created] => 2023-05-19 14:23:47
                    [time_changed] => 
                    [status] => 1
                )

            [5] => stdClass Object
                (
                    [id] => 17
                    [form_id] => 2
                    [field_name] => lastname
                    [field_id] => lastname
                    [field_class] => lastname form-control form-control-sm
                    [field_type] => text
                    [field_required] => required
                    [field_icon] => 
                    [field_label] => Unesite prezime
                    [position] => 4
                    [invalid_feedback] => Unesite prezime
                    [params] => 
                    [time_created] => 2023-05-19 14:23:47
                    [time_changed] => 
                    [status] => 1
                )

            [6] => stdClass Object
                (
                    [id] => 18
                    [form_id] => 2
                    [field_name] => email
                    [field_id] => email
                    [field_class] => email form-control form-control-sm
                    [field_type] => email
                    [field_required] => required
                    [field_icon] => 
                    [field_label] => Unesite email
                    [position] => 5
                    [invalid_feedback] => Unesite email
                    [params] => 
                    [time_created] => 2023-05-19 14:23:47
                    [time_changed] => 
                    [status] => 1
                )

            [7] => stdClass Object
                (
                    [id] => 19
                    [form_id] => 2
                    [field_name] => title
                    [field_id] => title
                    [field_class] => title form-control form-control-sm
                    [field_type] => text
                    [field_required] => 
                    [field_icon] => 
                    [field_label] => Unesite titulu
                    [position] => 6
                    [invalid_feedback] => Unesite titulu
                    [params] => 
                    [time_created] => 2023-05-19 14:23:47
                    [time_changed] => 
                    [status] => 1
                )

            [8] => stdClass Object
                (
                    [id] => 20
                    [form_id] => 2
                    [field_name] => job
                    [field_id] => job
                    [field_class] => job form-control form-control-sm
                    [field_type] => text
                    [field_required] => 
                    [field_icon] => 
                    [field_label] => Unesite posao
                    [position] => 7
                    [invalid_feedback] => Unesite posao
                    [params] => 
                    [time_created] => 2023-05-19 14:23:47
                    [time_changed] => 
                    [status] => 1
                )

            [9] => stdClass Object
                (
                    [id] => 21
                    [form_id] => 2
                    [field_name] => department_id
                    [field_id] => department_id
                    [field_class] => department_id form-control form-control-sm
                    [field_type] => option
                    [field_required] => 
                    [field_icon] => 
                    [field_label] => Odaberite odelenje
                    [position] => 8
                    [invalid_feedback] => Odaberite odelenje
                    [params] => {"table": "departments", "field_id":"department_id","field_name": "name"}
                    [time_created] => 2023-05-19 14:23:47
                    [time_changed] => 
                    [status] => 1
                )

            [10] => stdClass Object
                (
                    [id] => 22
                    [form_id] => 2
                    [field_name] => user_status
                    [field_id] => user_status
                    [field_class] => user_status form-control form-control-sm
                    [field_type] => option
                    [field_required] => 
                    [field_icon] => 
                    [field_label] => Status
                    [position] => 9
                    [invalid_feedback] => Odaberite status
                    [params] => {"table": "status", "field_id":"status_id","field_name": "label"}
                    [time_created] => 2023-05-19 14:23:47
                    [time_changed] => 
                    [status] => 1
                )

        )

    [options] => Array
        (
            [0] => 
            [1] => 
            [2] => 
            [3] => 
            [4] => 
            [5] => 
            [6] => 
            [7] => 
            [8] => 
            [9] => Array
                (
                    [0] => stdClass Object
                        (
                            [name] => Opšta praksa
                            [value] => 1
                        )

                    [1] => stdClass Object
                        (
                            [name] => Hitna pomoć
                            [value] => 2
                        )

                    [2] => stdClass Object
                        (
                            [name] => Ginekologija
                            [value] => 3
                        )

                    [3] => stdClass Object
                        (
                            [name] => Pedijatrija
                            [value] => 4
                        )

                )

            [10] => Array
                (
                    [0] => stdClass Object
                        (
                            [name] => Neaktivan
                            [value] => 0
                        )

                    [1] => stdClass Object
                        (
                            [name] => Aktivan
                            [value] => 1
                        )

                )

        )

    [values] => stdClass Object
        (
            [user_id] => 3
            [user_uid] => c0a8e1e5e307cc5b33819b387b5f01fd
            [user_username] => proba@gmail.com
            [user_password] => 
            [user_level] => 0
            [time_created] => 2023-05-17 18:42:24
            [time_changed] => 2023-05-22 10:06:52
            [user_status] => 1
            [user_data_id] => 3
            [title] => 
            [firstname] => Proba
            [lastname] => Probic
            [email] => proba@gmail.com
            [faksimil] => 
            [job] => Proba
            [department_id] => 1
            [department_name] => Opšta praksa
            [department_title] => Zdravstvena stanica
            [department_location] => Temerin
            [user] => Proba Probic
        )

)
--- file /var/www/html/health_docs/application/models/Data_model.php | function get_form_data ln 121 ---
stdClass Object
(
    [department_id] => 1
    [name] => Opšta praksa
    [location] => Temerin
    [title] => Zdravstvena stanica
)
--- file /var/www/html/health_docs/application/models/Data_model.php | function get_form_data ln 121 ---
stdClass Object
(
    [id] => 1
    [status_id] => 0
    [label] => Neaktivan
)
--- file /var/www/html/health_docs/application/helpers/form_html_helper.php | function generateForm ln 173 ---
 data for process
Array
(
    [form] => stdClass Object
        (
            [id] => 2
            [form_name] => users
            [form_id] => frmUser
            [form_class] => frmUser
            [form_method] => POST
            [form_action] => http://192.168.100.2/health_docs/users/update
            [time_created] => 2023-05-19 14:14:20
            [time_changed] => 
            [status] => 1
        )

    [fields] => Array
        (
            [0] => stdClass Object
                (
                    [id] => 12
                    [form_id] => 2
                    [field_name] => user_uid
                    [field_id] => user_uid
                    [field_class] => user_uid form-control form-control-sm
                    [field_type] => hidden
                    [field_required] => 
                    [field_icon] => 
                    [field_label] => 
                    [position] => 0
                    [invalid_feedback] => 
                    [params] => 
                    [time_created] => 2023-05-19 14:23:47
                    [time_changed] => 
                    [status] => 1
                )

            [1] => stdClass Object
                (
                    [id] => 13
                    [form_id] => 2
                    [field_name] => user_id
                    [field_id] => user_id
                    [field_class] => user_id form-control form-control-sm
                    [field_type] => hidden
                    [field_required] => 
                    [field_icon] => 
                    [field_label] => 
                    [position] => 0
                    [invalid_feedback] => 
                    [params] => 
                    [time_created] => 2023-05-19 14:23:47
                    [time_changed] => 
                    [status] => 1
                )

            [2] => stdClass Object
                (
                    [id] => 14
                    [form_id] => 2
                    [field_name] => user_username
                    [field_id] => user_username
                    [field_class] => user_username form-control form-control-sm
                    [field_type] => text
                    [field_required] => required
                    [field_icon] => 
                    [field_label] => Unesite korisnicko ime
                    [position] => 1
                    [invalid_feedback] => Unesite korisnicko ime
                    [params] => 
                    [time_created] => 2023-05-19 14:23:47
                    [time_changed] => 
                    [status] => 1
                )

            [3] => stdClass Object
                (
                    [id] => 15
                    [form_id] => 2
                    [field_name] => user_password
                    [field_id] => user_password
                    [field_class] => user_password form-control form-control-sm
                    [field_type] => password
                    [field_required] => required
                    [field_icon] => 
                    [field_label] => Unesite lozniku
                    [position] => 2
                    [invalid_feedback] => Unesite lozinku
                    [params] => 
                    [time_created] => 2023-05-19 14:23:47
                    [time_changed] => 
                    [status] => 1
                )

            [4] => stdClass Object
                (
                    [id] => 16
                    [form_id] => 2
                    [field_name] => firstname
                    [field_id] => firstname
                    [field_class] => firstname form-control form-control-sm
                    [field_type] => text
                    [field_required] => required
                    [field_icon] => 
                    [field_label] => Unesite ime
                    [position] => 3
                    [invalid_feedback] => Unesite ime
                    [params] => 
                    [time_created] => 2023-05-19 14:23:47
                    [time_changed] => 
                    [status] => 1
                )

            [5] => stdClass Object
                (
                    [id] => 17
                    [form_id] => 2
                    [field_name] => lastname
                    [field_id] => lastname
                    [field_class] => lastname form-control form-control-sm
                    [field_type] => text
                    [field_required] => required
                    [field_icon] => 
                    [field_label] => Unesite prezime
                    [position] => 4
                    [invalid_feedback] => Unesite prezime
                    [params] => 
                    [time_created] => 2023-05-19 14:23:47
                    [time_changed] => 
                    [status] => 1
                )

            [6] => stdClass Object
                (
                    [id] => 18
                    [form_id] => 2
                    [field_name] => email
                    [field_id] => email
                    [field_class] => email form-control form-control-sm
                    [field_type] => email
                    [field_required] => required
                    [field_icon] => 
                    [field_label] => Unesite email
                    [position] => 5
                    [invalid_feedback] => Unesite email
                    [params] => 
                    [time_created] => 2023-05-19 14:23:47
                    [time_changed] => 
                    [status] => 1
                )

            [7] => stdClass Object
                (
                    [id] => 19
                    [form_id] => 2
                    [field_name] => title
                    [field_id] => title
                    [field_class] => title form-control form-control-sm
                    [field_type] => text
                    [field_required] => 
                    [field_icon] => 
                    [field_label] => Unesite titulu
                    [position] => 6
                    [invalid_feedback] => Unesite titulu
                    [params] => 
                    [time_created] => 2023-05-19 14:23:47
                    [time_changed] => 
                    [status] => 1
                )

            [8] => stdClass Object
                (
                    [id] => 20
                    [form_id] => 2
                    [field_name] => job
                    [field_id] => job
                    [field_class] => job form-control form-control-sm
                    [field_type] => text
                    [field_required] => 
                    [field_icon] => 
                    [field_label] => Unesite posao
                    [position] => 7
                    [invalid_feedback] => Unesite posao
                    [params] => 
                    [time_created] => 2023-05-19 14:23:47
                    [time_changed] => 
                    [status] => 1
                )

            [9] => stdClass Object
                (
                    [id] => 21
                    [form_id] => 2
                    [field_name] => department_id
                    [field_id] => department_id
                    [field_class] => department_id form-control form-control-sm
                    [field_type] => option
                    [field_required] => 
                    [field_icon] => 
                    [field_label] => Odaberite odelenje
                    [position] => 8
                    [invalid_feedback] => Odaberite odelenje
                    [params] => {"table": "departments", "field_id":"department_id","field_name": "name"}
                    [time_created] => 2023-05-19 14:23:47
                    [time_changed] => 
                    [status] => 1
                )

            [10] => stdClass Object
                (
                    [id] => 22
                    [form_id] => 2
                    [field_name] => user_status
                    [field_id] => user_status
                    [field_class] => user_status form-control form-control-sm
                    [field_type] => option
                    [field_required] => 
                    [field_icon] => 
                    [field_label] => Status
                    [position] => 9
                    [invalid_feedback] => Odaberite status
                    [params] => {"table": "status", "field_id":"status_id","field_name": "label"}
                    [time_created] => 2023-05-19 14:23:47
                    [time_changed] => 
                    [status] => 1
                )

        )

    [options] => Array
        (
            [0] => 
            [1] => 
            [2] => 
            [3] => 
            [4] => 
            [5] => 
            [6] => 
            [7] => 
            [8] => 
            [9] => Array
                (
                    [0] => stdClass Object
                        (
                            [name] => Opšta praksa
                            [value] => 1
                        )

                    [1] => stdClass Object
                        (
                            [name] => Hitna pomoć
                            [value] => 2
                        )

                    [2] => stdClass Object
                        (
                            [name] => Ginekologija
                            [value] => 3
                        )

                    [3] => stdClass Object
                        (
                            [name] => Pedijatrija
                            [value] => 4
                        )

                )

            [10] => Array
                (
                    [0] => stdClass Object
                        (
                            [name] => Neaktivan
                            [value] => 0
                        )

                    [1] => stdClass Object
                        (
                            [name] => Aktivan
                            [value] => 1
                        )

                )

        )

    [values] => stdClass Object
        (
            [user_id] => 3
            [user_uid] => c0a8e1e5e307cc5b33819b387b5f01fd
            [user_username] => proba@gmail.com
            [user_password] => 
            [user_level] => 0
            [time_created] => 2023-05-17 18:42:24
            [time_changed] => 2023-05-22 10:06:52
            [user_status] => 1
            [user_data_id] => 3
            [title] => 
            [firstname] => Proba
            [lastname] => Probic
            [email] => proba@gmail.com
            [faksimil] => 
            [job] => Proba
            [department_id] => 1
            [department_name] => Opšta praksa
            [department_title] => Zdravstvena stanica
            [department_location] => Temerin
            [user] => Proba Probic
        )

)
--- USERS usr ---
stdClass Object
(
    [user_id] => 1
    [user_uid] => 123456789
    [username] => admin
    [level] => 0
    [time_created] => 2023-05-16 14:23:31
    [time_changed] => 2023-05-19 13:07:25
    [status] => 1
    [user_data_id] => 1
    [title] => 
    [firstname] => Nenad
    [lastname] => Pekez
    [email] => nenad.pekez@gmail.com
    [faksimil] => 
    [job] => 
    [department_id] => 
    [department_name] => 
    [department_title] => 
    [department_location] => 
    [user] => Nenad Pekez
)
--- USERS usr OK ---
--- USERS usr ---
stdClass Object
(
    [user_id] => 1
    [user_uid] => 123456789
    [username] => admin
    [level] => 0
    [time_created] => 2023-05-16 14:23:31
    [time_changed] => 2023-05-19 13:07:25
    [status] => 1
    [user_data_id] => 1
    [title] => 
    [firstname] => Nenad
    [lastname] => Pekez
    [email] => nenad.pekez@gmail.com
    [faksimil] => 
    [job] => 
    [department_id] => 
    [department_name] => 
    [department_title] => 
    [department_location] => 
    [user] => Nenad Pekez
)
--- USERS usr OK ---
--- USERS usr ---
stdClass Object
(
    [user_id] => 1
    [user_uid] => 123456789
    [username] => admin
    [level] => 0
    [time_created] => 2023-05-16 14:23:31
    [time_changed] => 2023-05-19 13:07:25
    [status] => 1
    [user_data_id] => 1
    [title] => 
    [firstname] => Nenad
    [lastname] => Pekez
    [email] => nenad.pekez@gmail.com
    [faksimil] => 
    [job] => 
    [department_id] => 
    [department_name] => 
    [department_title] => 
    [department_location] => 
    [user] => Nenad Pekez
)
--- USERS usr OK ---
--- USERS usr ---
stdClass Object
(
    [user_id] => 1
    [user_uid] => 123456789
    [username] => admin
    [level] => 0
    [time_created] => 2023-05-16 14:23:31
    [time_changed] => 2023-05-19 13:07:25
    [status] => 1
    [user_data_id] => 1
    [title] => 
    [firstname] => Nenad
    [lastname] => Pekez
    [email] => nenad.pekez@gmail.com
    [faksimil] => 
    [job] => 
    [department_id] => 
    [department_name] => 
    [department_title] => 
    [department_location] => 
    [user] => Nenad Pekez
)
--- USERS usr OK ---
--- file /var/www/html/health_docs/application/helpers/form_html_helper.php | function generateForm ln 173 ---
 data for process
Array
(
    [form] => stdClass Object
        (
            [id] => 1
            [form_name] => institution
            [form_id] => frmInstitution
            [form_class] => frmInstitution
            [form_method] => POST
            [form_action] => http://192.168.100.2/health_docs/institution/update
            [time_created] => 2023-05-19 14:14:20
            [time_changed] => 
            [status] => 1
        )

    [fields] => Array
        (
            [0] => stdClass Object
                (
                    [id] => 1
                    [form_id] => 1
                    [field_name] => uid
                    [field_id] => uid
                    [field_class] => uid form-control form-control-sm
                    [field_type] => hidden
                    [field_required] => 
                    [field_icon] => 
                    [field_label] => 
                    [position] => 0
                    [invalid_feedback] => 
                    [params] => 
                    [time_created] => 2023-05-19 14:16:04
                    [time_changed] => 
                    [status] => 1
                )

            [1] => stdClass Object
                (
                    [id] => 2
                    [form_id] => 1
                    [field_name] => name
                    [field_id] => name
                    [field_class] => name form-control form-control-sm
                    [field_type] => text
                    [field_required] => required
                    [field_icon] => 
                    [field_label] => Naziv ustanove
                    [position] => 1
                    [invalid_feedback] => Unesite naziv unstanove!
                    [params] => 
                    [time_created] => 2023-05-19 14:17:03
                    [time_changed] => 
                    [status] => 1
                )

            [2] => stdClass Object
                (
                    [id] => 3
                    [form_id] => 1
                    [field_name] => street
                    [field_id] => street
                    [field_class] => street form-control form-control-sm
                    [field_type] => text
                    [field_required] => required
                    [field_icon] => 
                    [field_label] => Ulica i broj
                    [position] => 2
                    [invalid_feedback] => Unesite ulicu i broj!
                    [params] => 
                    [time_created] => 2023-05-19 14:18:13
                    [time_changed] => 
                    [status] => 1
                )

            [3] => stdClass Object
                (
                    [id] => 4
                    [form_id] => 1
                    [field_name] => city
                    [field_id] => city
                    [field_class] => city form-control form-control-sm
                    [field_type] => text
                    [field_required] => required
                    [field_icon] => 
                    [field_label] => Grad
                    [position] => 3
                    [invalid_feedback] => Unesite naziv grada!
                    [params] => 
                    [time_created] => 2023-05-19 14:19:12
                    [time_changed] => 
                    [status] => 1
                )

            [4] => stdClass Object
                (
                    [id] => 5
                    [form_id] => 1
                    [field_name] => state
                    [field_id] => state
                    [field_class] => state form-control form-control-sm
                    [field_type] => text
                    [field_required] => required
                    [field_icon] => 
                    [field_label] => Država
                    [position] => 4
                    [invalid_feedback] => Unesite državu
                    [params] => 
                    [time_created] => 2023-05-19 14:20:20
                    [time_changed] => 
                    [status] => 1
                )

            [5] => stdClass Object
                (
                    [id] => 6
                    [form_id] => 1
                    [field_name] => taxnum
                    [field_id] => taxnum
                    [field_class] => taxnum form-control form-control-sm
                    [field_type] => text
                    [field_required] => required
                    [field_icon] => 
                    [field_label] => PIB
                    [position] => 5
                    [invalid_feedback] => Unesite PIB!
                    [params] => 
                    [time_created] => 2023-05-19 14:20:57
                    [time_changed] => 
                    [status] => 1
                )

            [6] => stdClass Object
                (
                    [id] => 7
                    [form_id] => 1
                    [field_name] => matical
                    [field_id] => matical
                    [field_class] => matical form-control form-control-sm
                    [field_type] => text
                    [field_required] => required
                    [field_icon] => 
                    [field_label] => Matični broj
                    [position] => 6
                    [invalid_feedback] => Unesite matični broj!
                    [params] => 
                    [time_created] => 2023-05-19 14:21:48
                    [time_changed] => 
                    [status] => 1
                )

            [7] => stdClass Object
                (
                    [id] => 8
                    [form_id] => 1
                    [field_name] => phone
                    [field_id] => phone
                    [field_class] => phone form-control form-control-sm
                    [field_type] => text
                    [field_required] => required
                    [field_icon] => 
                    [field_label] => Telefon
                    [position] => 7
                    [invalid_feedback] => Unesite telefon!
                    [params] => 
                    [time_created] => 2023-05-19 14:22:23
                    [time_changed] => 
                    [status] => 1
                )

            [8] => stdClass Object
                (
                    [id] => 9
                    [form_id] => 1
                    [field_name] => email
                    [field_id] => email
                    [field_class] => email form-control form-control-sm
                    [field_type] => text
                    [field_required] => required
                    [field_icon] => 
                    [field_label] => E-mail
                    [position] => 8
                    [invalid_feedback] => Unesite e-mail!
                    [params] => 
                    [time_created] => 2023-05-19 14:22:48
                    [time_changed] => 
                    [status] => 1
                )

            [9] => stdClass Object
                (
                    [id] => 10
                    [form_id] => 1
                    [field_name] => website
                    [field_id] => website
                    [field_class] => website form-control form-control-sm
                    [field_type] => text
                    [field_required] => 
                    [field_icon] => 
                    [field_label] => WEB adresa
                    [position] => 9
                    [invalid_feedback] => Unesite web adresu!
                    [params] => 
                    [time_created] => 2023-05-19 14:23:47
                    [time_changed] => 
                    [status] => 1
                )

            [10] => stdClass Object
                (
                    [id] => 11
                    [form_id] => 1
                    [field_name] => fax
                    [field_id] => fax
                    [field_class] => fax form-control form-control-sm
                    [field_type] => text
                    [field_required] => 
                    [field_icon] => 
                    [field_label] => Broj fax-a
                    [position] => 10
                    [invalid_feedback] => Unesite fax!
                    [params] => 
                    [time_created] => 2023-05-19 14:23:47
                    [time_changed] => 
                    [status] => 1
                )

        )

    [options] => Array
        (
            [0] => stdClass Object
                (
                    [id] => 1
                    [field_id] => 1
                    [field_option] => 1
                    [field_value] => 1
                    [status] => 1
                )

            [1] => 
            [2] => 
            [3] => 
            [4] => 
            [5] => 
            [6] => 
            [7] => 
            [8] => 
            [9] => 
            [10] => 
        )

    [values] => stdClass Object
        (
            [uid] => 123qwe
            [name] => Dom zdravlja Temerin
            [street] => Narodnog fronta 82
            [city] => Temerin
            [state] => Srbija
            [taxnum] => 101454547
            [matical] => 08071829
            [phone] => 021/210-22-25
            [email] => office@dztemerin.rs
            [website] => www.dztemerin.rs
            [fax] => 021/842-661
        )

)
